<?xml version="1.0" encoding="UTF-8"?>
<!-- Generated by org.testng.reporters.JUnitReportReporter -->
<testsuite skipped="0" hostname="WIN-9CSDHDN9FSR" name="com.prosmart.actionitems.jan16.Mort" tests="5" failures="0" timestamp="15 Jan 2020 06:18:21 GMT" time="5.595" errors="0">
  <testcase name="Rates" time="0.990" classname="com.prosmart.actionitems.jan16.Mort"/>
  <testcase name="Compare" time="1.148" classname="com.prosmart.actionitems.jan16.Mort"/>
  <testcase name="Calculate" time="0.327" classname="com.prosmart.actionitems.jan16.Mort"/>
  <testcase name="Result" time="2.356" classname="com.prosmart.actionitems.jan16.Mort"/>
  <testcase name="Amortization" time="0.774" classname="com.prosmart.actionitems.jan16.Mort"/>
</testsuite> <!-- com.prosmart.actionitems.jan16.Mort -->
