<?xml version="1.0" encoding="UTF-8"?>
<!-- Generated by org.testng.reporters.JUnitReportReporter -->
<testsuite skipped="0" hostname="WIN-9CSDHDN9FSR" name="com.prosmart.actionitems.jan16.Test1" tests="2" failures="0" timestamp="15 Jan 2020 05:56:44 GMT" time="10.800" errors="0">
  <testcase name="SignUp" time="9.496" classname="com.prosmart.actionitems.jan16.Test1"/>
  <testcase name="SignIn" time="1.304" classname="com.prosmart.actionitems.jan16.Test1"/>
</testsuite> <!-- com.prosmart.actionitems.jan16.Test1 -->
