<?xml version="1.0" encoding="UTF-8"?>
<!-- Generated by org.testng.reporters.JUnitReportReporter -->
<testsuite skipped="0" hostname="WIN-9CSDHDN9FSR" name="com.prosmart.actionitems.jan16.Target" tests="1" failures="0" timestamp="16 Jan 2020 19:21:55 GMT" time="2.372" errors="0">
  <testcase name="Find" time="2.372" classname="com.prosmart.actionitems.jan16.Target"/>
</testsuite> <!-- com.prosmart.actionitems.jan16.Target -->
