<?xml version="1.0" encoding="UTF-8"?>
<!-- Generated by org.testng.reporters.JUnitReportReporter -->
<testsuite skipped="1" hostname="WIN-9CSDHDN9FSR" name="sJ11.TestNG1" tests="4" failures="0" timestamp="14 Jan 2020 19:27:56 GMT" time="0.021" errors="0">
  <testcase name="Signout" time="0.010" classname="sJ11.TestNG1"/>
  <testcase name="PrepareEmail" time="0.007" classname="sJ11.TestNG1"/>
  <testcase name="FirstRegister" time="0.004" classname="sJ11.TestNG1"/>
  <testcase name="SignIn" classname="sJ11.TestNG1">
    <skipped/>
  </testcase> <!-- SignIn -->
</testsuite> <!-- sJ11.TestNG1 -->
