<?xml version="1.0" encoding="UTF-8"?>
<!-- Generated by org.testng.reporters.JUnitReportReporter -->
<testsuite skipped="0" hostname="WIN-9CSDHDN9FSR" name="com.prosmart.actionitems.jan16.CNN" tests="1" failures="0" timestamp="15 Jan 2020 06:43:27 GMT" time="5.545" errors="0">
  <testcase name="Inputs" time="5.545" classname="com.prosmart.actionitems.jan16.CNN"/>
</testsuite> <!-- com.prosmart.actionitems.jan16.CNN -->
